FarmSeller/zXingDemo/build/intermediates/proguard-rules/release/aapt_rules.txt
# view AndroidManifest.xml #generated:23
-keep class com.aotcap.zxing.test.CaptureActivity { <init>(...); }

# view res/layout/main.xml #generated:27
-keep class com.aotcap.zxing.test.view.ViewfinderView { <init>(...); }