FarmSeller/zXingDemo/build/outputs/mapping/release/seeds.txt
com.google.zxing.oned.rss.expanded.decoders.BlockParsedResult
com.google.zxing.oned.rss.expanded.decoders.BlockParsedResult: com.google.zxing.oned.rss.expanded.decoders.DecodedInformation decodedInformation
com.google.zxing.oned.rss.expanded.decoders.BlockParsedResult: boolean finished
com.google.zxing.oned.rss.expanded.decoders.BlockParsedResult: BlockParsedResult(boolean)
com.google.zxing.oned.rss.expanded.decoders.BlockParsedResult: BlockParsedResult(com.google.zxing.oned.rss.expanded.decoders.DecodedInformation,boolean)
com.google.zxing.oned.rss.expanded.decoders.BlockParsedResult: com.google.zxing.oned.rss.expanded.decoders.DecodedInformation getDecodedInformation()
com.google.zxing.oned.rss.expanded.decoders.BlockParsedResult: boolean isFinished()
com.google.zxing.oned.rss.expanded.decoders.CurrentParsingState
com.google.zxing.oned.rss.expanded.decoders.CurrentParsingState: int position
com.google.zxing.oned.rss.expanded.decoders.CurrentParsingState: com.google.zxing.oned.rss.expanded.decoders.CurrentParsingState$State encoding
com.google.zxing.oned.rss.expanded.decoders.CurrentParsingState: CurrentParsingState()
com.google.zxing.oned.rss.expanded.decoders.CurrentParsingState: int getPosition()
com.google.zxing.oned.rss.expanded.decoders.CurrentParsingState: void setPosition(int)
com.google.zxing.oned.rss.expanded.decoders.CurrentParsingState: void incrementPosition(int)
com.google.zxing.oned.rss.expanded.decoders.CurrentParsingState: boolean isAlpha()
com.google.zxing.oned.rss.expanded.decoders.CurrentParsingState: boolean isNumeric()
com.google.zxing.oned.rss.expanded.decoders.CurrentParsingState: boolean isIsoIec646()
com.google.zxing.oned.rss.expanded.decoders.CurrentParsingState: void setNumeric()
com.google.zxing.oned.rss.expanded.decoders.CurrentParsingState: void setAlpha()
com.google.zxing.oned.rss.expanded.decoders.CurrentParsingState: void setIsoIec646()
com.google.zxing.oned.rss.expanded.decoders.CurrentParsingState$State
com.google.zxing.oned.rss.expanded.decoders.CurrentParsingState$State: com.google.zxing.oned.rss.expanded.decoders.CurrentParsingState$State NUMERIC
com.google.zxing.oned.rss.expanded.decoders.CurrentParsingState$State: com.google.zxing.oned.rss.expanded.decoders.CurrentParsingState$State ALPHA
com.google.zxing.oned.rss.expanded.decoders.CurrentParsingState$State: com.google.zxing.oned.rss.expanded.decoders.CurrentParsingState$State ISO_IEC_646
com.google.zxing.oned.rss.expanded.decoders.CurrentParsingState$State: com.google.zxing.oned.rss.expanded.decoders.CurrentParsingState$State[] $VALUES
com.google.zxing.oned.rss.expanded.decoders.CurrentParsingState$State: com.google.zxing.oned.rss.expanded.decoders.CurrentParsingState$State[] values()
com.google.zxing.oned.rss.expanded.decoders.CurrentParsingState$State: com.google.zxing.oned.rss.expanded.decoders.CurrentParsingState$State valueOf(java.lang.String)
com.google.zxing.oned.rss.expanded.decoders.CurrentParsingState$State: CurrentParsingState$State(java.lang.String,int)
com.google.zxing.oned.rss.expanded.decoders.CurrentParsingState$State: void <clinit>()
com.google.zxing.oned.rss.expanded.decoders.DecodedChar
com.google.zxing.oned.rss.expanded.decoders.DecodedChar: char value
com.google.zxing.oned.rss.expanded.decoders.DecodedChar: char FNC1
com.google.zxing.oned.rss.expanded.decoders.DecodedChar: DecodedChar(int,char)
com.google.zxing.oned.rss.expanded.decoders.DecodedChar: char getValue()
com.google.zxing.oned.rss.expanded.decoders.DecodedChar: boolean isFNC1()