FarmSeller/zXingDemo/build/outputs/mapping/release/mapping.txt
com.aotcap.zxing.test.R$id -> com.aotcap.zxing.test.R$id:
    int auto_focus -> auto_focus
    int decode -> decode
    int decode_failed -> decode_failed
    int decode_succeeded -> decode_succeeded
    int encode_failed -> encode_failed
    int encode_succeeded -> encode_succeeded
    int launch_product_query -> launch_product_query
    int preview_view -> preview_view
    int quit -> quit
    int restart_preview -> restart_preview
    int return_scan_result -> return_scan_result
    int search_book_contents_failed -> search_book_contents_failed
    int search_book_contents_succeeded -> search_book_contents_succeeded
    int test_iv -> test_iv
    int txtResult -> txtResult
    int viewfinder_view -> viewfinder_view
    void <init>() -> <init>
    void <clinit>() -> <clinit>
com.aotcap.zxing.test.R$layout -> com.aotcap.zxing.test.R$layout:
    int main -> main
    int test -> test
    void <init>() -> <init>
    void <clinit>() -> <clinit>
com.aotcap.zxing.test.R$raw -> com.aotcap.zxing.test.R$raw:
    int beep -> beep
    void <init>() -> <init>
    void <clinit>() -> <clinit>
com.aotcap.zxing.test.R$string -> com.aotcap.zxing.test.R$string:
    int app_name -> app_name
    int hello -> hello
    void <init>() -> <init>
    void <clinit>() -> <clinit>
com.aotcap.zxing.test.camera.AutoFocusCallback -> com.aotcap.zxing.test.a.a:
    java.lang.String TAG -> a
    android.os.Handler autoFocusHandler -> b
    int autoFocusMessage -> c
    void <init>() -> <init>
    void setHandler(android.os.Handler,int) -> a
    void onAutoFocus(boolean,android.hardware.Camera) -> onAutoFocus
    void <clinit>() -> <clinit>
com.aotcap.zxing.test.camera.CameraConfigurationManager -> com.aotcap.zxing.test.a.b:
    java.lang.String TAG -> a
    java.util.regex.Pattern COMMA_PATTERN -> b
    android.content.Context context -> c
    android.graphics.Point screenResolution -> d
    android.graphics.Point cameraResolution -> e
    int previewFormat -> f
    java.lang.String previewFormatString -> g
    void <init>(android.content.Context) -> <init>
    void initFromCameraParameters(android.hardware.Camera) -> a
    void setDesiredCameraParameters(android.hardware.Camera) -> b
    android.graphics.Point getCameraResolution() -> a
    android.graphics.Point getScreenResolution() -> b
    int getPreviewFormat() -> c
    java.lang.String getPreviewFormatString() -> d
    android.graphics.Point getCameraResolution(android.hardware.Camera$Parameters,android.graphics.Point) -> a
    android.graphics.Point findBestPreviewSizeValue(java.lang.CharSequence,android.graphics.Point) -> a
    int findBestMotZoomValue(java.lang.CharSequence,int) -> a
    void setFlash(android.hardware.Camera$Parameters) -> a
    void setZoom(android.hardware.Camera$Parameters) -> b
    void <clinit>() -> <clinit>